<?xml version="1.0" encoding="UTF-8"?>
<testsuite xmlns:xsi="http://www.w3.org/2001/XMLSchema-instance" xsi:noNamespaceSchemaLocation="https://maven.apache.org/surefire/maven-surefire-plugin/xsd/surefire-test-report.xsd" version="3.0.2" name="spring.dbt.ai.spring_ai_dbt.SpringAiDbtApplicationTests" time="1.546" tests="1" errors="0" skipped="0" failures="0">
  <properties>
[...]
</properties>
  <testcase name="contextLoads" classname="spring.dbt.ai.spring_ai_dbt.SpringAiDbtApplicationTests" time="0.282">
    <system-out><![CDATA[07:03:51.133 [main] INFO org.springframework.test.context.support.AnnotationConfigContextLoaderUtils -- Could not detect default configuration classes for test class [spring.dbt.ai.spring_ai_dbt.SpringAiDbtApplicationTests]: SpringAiDbtApplicationTests does not declare any static, non-private, non-final, nested classes annotated with @Configuration.
07:03:51.167 [main] INFO org.springframework.boot.test.context.SpringBootTestContextBootstrapper -- Found @SpringBootConfiguration spring.dbt.ai.spring_ai_dbt.SpringAiDbtApplication for test class spring.dbt.ai.spring_ai_dbt.SpringAiDbtApplicationTests

  .   ____          _            __ _ _
 /\\ / ___'_ __ _ _(_)_ __  __ _ \ \ \ \
( ( )\___ | '_ | '_| | '_ \/ _` | \ \ \ \
 \\/  ___)| |_)| | | | | || (_| |  ) ) ) )
  '  |____| .__|_| |_|_| |_\__, | / / / /
 =========|_|==============|___/=/_/_/_/

 :: Spring Boot ::       (v3.4.5-SNAPSHOT)

2025-04-17T07:03:51.292+05:30  INFO 6070 --- [spring-ai-dbt] [           main] s.d.a.s.SpringAiDbtApplicationTests      : Starting SpringAiDbtApplicationTests using Java 24 with PID 6070 (started by ankitagrahari in /Users/ankitagrahari/Developer/Code/Learn/spring-ai-dbt)
2025-04-17T07:03:51.293+05:30  INFO 6070 --- [spring-ai-dbt] [           main] s.d.a.s.SpringAiDbtApplicationTests      : No active profile set, falling back to 1 default profile: "default"
2025-04-17T07:03:51.557+05:30  INFO 6070 --- [spring-ai-dbt] [           main] .s.d.r.c.RepositoryConfigurationDelegate : Bootstrapping Spring Data JPA repositories in DEFAULT mode.
2025-04-17T07:03:51.564+05:30  INFO 6070 --- [spring-ai-dbt] [           main] .s.d.r.c.RepositoryConfigurationDelegate : Finished Spring Data repository scanning in 3 ms. Found 0 JPA repository interfaces.
2025-04-17T07:03:51.678+05:30  INFO 6070 --- [spring-ai-dbt] [           main] com.zaxxer.hikari.HikariDataSource       : HikariPool-1 - Starting...
2025-04-17T07:03:51.742+05:30  INFO 6070 --- [spring-ai-dbt] [           main] com.zaxxer.hikari.pool.HikariPool        : HikariPool-1 - Added connection conn0: url=jdbc:h2:mem:localhost user=ADMIN
2025-04-17T07:03:51.743+05:30  INFO 6070 --- [spring-ai-dbt] [           main] com.zaxxer.hikari.HikariDataSource       : HikariPool-1 - Start completed.
2025-04-17T07:03:51.767+05:30  INFO 6070 --- [spring-ai-dbt] [           main] o.hibernate.jpa.internal.util.LogHelper  : HHH000204: Processing PersistenceUnitInfo [name: default]
2025-04-17T07:03:51.787+05:30  INFO 6070 --- [spring-ai-dbt] [           main] org.hibernate.Version                    : HHH000412: Hibernate ORM core version 6.6.13.Final
2025-04-17T07:03:51.798+05:30  INFO 6070 --- [spring-ai-dbt] [           main] o.h.c.internal.RegionFactoryInitiator    : HHH000026: Second-level cache disabled
2025-04-17T07:03:51.895+05:30  INFO 6070 --- [spring-ai-dbt] [           main] o.s.o.j.p.SpringPersistenceUnitInfo      : No LoadTimeWeaver setup: ignoring JPA class transformer
2025-04-17T07:03:51.921+05:30  INFO 6070 --- [spring-ai-dbt] [           main] org.hibernate.orm.connections.pooling    : HHH10001005: Database info:
	Database JDBC URL [Connecting through datasource 'HikariDataSource (HikariPool-1)']
	Database driver: undefined/unknown
	Database version: 2.3.232
	Autocommit mode: undefined/unknown
	Isolation level: undefined/unknown
	Minimum pool size: undefined/unknown
	Maximum pool size: undefined/unknown
2025-04-17T07:03:52.029+05:30  INFO 6070 --- [spring-ai-dbt] [           main] o.h.e.t.j.p.i.JtaPlatformInitiator       : HHH000489: No JTA platform available (set 'hibernate.transaction.jta.platform' to enable JTA platform integration)
2025-04-17T07:03:52.031+05:30  INFO 6070 --- [spring-ai-dbt] [           main] j.LocalContainerEntityManagerFactoryBean : Initialized JPA EntityManagerFactory for persistence unit 'default'
2025-04-17T07:03:52.347+05:30 ERROR 6070 --- [spring-ai-dbt] [           main] i.n.r.d.DnsServerAddressStreamProviders  : Unable to load io.netty.resolver.dns.macos.MacOSDnsServerAddressStreamProvider, fallback to system defaults. This may result in incorrect DNS resolutions on MacOS. Check whether you have a dependency on 'io.netty:netty-resolver-dns-native-macos'. Use DEBUG level to see the full stack: java.lang.UnsatisfiedLinkError: failed to load the required native library
2025-04-17T07:03:52.353+05:30  INFO 6070 --- [spring-ai-dbt] [           main] s.d.a.s.SpringAiDbtApplicationTests      : Started SpringAiDbtApplicationTests in 1.145 seconds (process running for 1.444)
]]></system-out>
    <system-err><![CDATA[Mockito is currently self-attaching to enable the inline-mock-maker. This will no longer work in future releases of the JDK. Please add Mockito as an agent to your build what is described in Mockito's documentation: https://javadoc.io/doc/org.mockito/mockito-core/latest/org/mockito/Mockito.html#0.3
WARNING: A Java agent has been loaded dynamically (/Users/ankitagrahari/.m2/repository/net/bytebuddy/byte-buddy-agent/1.15.11/byte-buddy-agent-1.15.11.jar)
WARNING: If a serviceability tool is in use, please run with -XX:+EnableDynamicAgentLoading to hide this warning
WARNING: If a serviceability tool is not in use, please run with -Djdk.instrument.traceUsage for more information
WARNING: Dynamic loading of agents will be disallowed by default in a future release
]]></system-err>
  </testcase>
</testsuite>